{
  "RSpec": {
    "coverage": {
      "/Users/jack/git/blackjack/spec/card_spec.rb": {
        "lines": [
          1,
          null,
          1,
          1,
          1,
          1,
          1,
          null,
          null,
          1,
          1,
          1,
          9,
          9,
          null,
          null,
          null,
          null,
          1,
          1,
          1,
          3,
          3,
          3,
          null,
          null,
          null,
          1,
          1,
          1,
          null,
          null,
          1,
          1,
          1,
          null,
          null,
          null
        ]
      },
      "/Users/jack/git/blackjack/lib/blackjack/card.rb": {
        "lines": [
          1,
          1,
          1,
          802,
          802,
          null,
          null,
          1,
          23,
          19,
          13,
          null,
          null,
          1,
          3,
          null,
          null
        ]
      },
      "/Users/jack/git/blackjack/spec/deck_spec.rb": {
        "lines": [
          1,
          1,
          null,
          1,
          1,
          1,
          null,
          null,
          1,
          1,
          null,
          null,
          1,
          1,
          null,
          null,
          1,
          1,
          1,
          null,
          null,
          1,
          1,
          1,
          null,
          1,
          1,
          null,
          null,
          1,
          1,
          1,
          null,
          1,
          1,
          null,
          null,
          null
        ]
      },
      "/Users/jack/git/blackjack/lib/blackjack/deck.rb": {
        "lines": [
          1,
          1,
          null,
          1,
          1,
          null,
          1,
          15,
          null,
          null,
          1,
          15,
          15,
          60,
          780,
          null,
          null,
          15,
          15,
          null,
          null,
          1,
          16,
          null,
          null,
          1,
          8,
          2,
          null,
          6,
          null,
          null,
          1,
          8,
          null,
          8,
          2,
          null,
          null,
          8,
          null,
          null,
          null
        ]
      },
      "/Users/jack/git/blackjack/spec/game_spec.rb": {
        "lines": [
          1,
          1,
          null,
          1,
          null,
          1,
          11,
          11,
          11,
          11,
          null,
          1,
          1,
          1,
          1,
          null,
          null,
          1,
          1,
          1,
          1,
          1,
          null,
          null,
          1,
          1,
          1,
          1,
          1,
          1,
          1,
          1,
          null,
          null,
          1,
          1,
          1,
          1,
          null,
          null,
          1,
          1,
          1,
          1,
          null,
          null,
          1,
          1,
          null,
          null,
          1,
          1,
          null,
          null,
          1,
          1,
          null,
          null,
          1,
          1,
          null,
          null,
          1,
          1,
          null,
          null,
          null
        ]
      },
      "/Users/jack/git/blackjack/lib/blackjack/game.rb": {
        "lines": [
          1,
          1,
          null,
          1,
          10,
          10,
          10,
          null,
          null,
          1,
          1,
          1,
          null,
          null,
          1,
          null,
          0,
          0,
          null,
          null,
          0,
          0,
          null,
          0,
          0,
          0,
          null,
          null,
          0,
          null,
          null,
          0,
          null,
          null,
          1,
          0,
          0,
          0,
          0,
          null,
          null,
          1,
          5,
          null,
          null,
          1,
          0,
          null,
          null,
          1,
          0,
          null,
          null,
          1,
          1,
          null,
          null,
          1,
          1,
          null,
          null,
          1,
          5,
          4,
          null,
          3,
          1,
          2,
          1,
          null,
          1,
          null,
          null,
          null
        ]
      },
      "/Users/jack/git/blackjack/lib/blackjack/player.rb": {
        "lines": [
          1,
          1,
          null,
          1,
          25,
          null,
          null,
          1,
          2,
          null,
          null,
          1,
          8,
          null,
          null,
          1,
          14,
          14,
          null,
          null,
          15,
          5,
          3,
          null,
          5,
          null,
          5,
          null,
          null,
          1,
          1,
          1,
          2,
          null,
          1,
          null,
          null
        ]
      },
      "/Users/jack/git/blackjack/spec/player_spec.rb": {
        "lines": [
          1,
          null,
          1,
          1,
          1,
          1,
          1,
          1,
          null,
          null,
          1,
          1,
          1,
          1,
          null,
          1,
          1,
          null,
          null,
          1,
          1,
          1,
          1,
          null,
          null
        ]
      }
    },
    "timestamp": 1610317116
  }
}
